{
  "RSpec": {
    "coverage": {
      "/Users/rodrigo/Dropbox/TCC/sorteando2/app/helpers/application_helper.rb": [
        1,
        null
      ],
      "/Users/rodrigo/Dropbox/TCC/sorteando2/app/helpers/concorrentes_helper.rb": [
        1,
        null
      ],
      "/Users/rodrigo/Dropbox/TCC/sorteando2/app/helpers/sorteios_helper.rb": [
        1,
        1,
        35,
        null,
        null
      ],
      "/Users/rodrigo/Dropbox/TCC/sorteando2/app/controllers/concorrentes_controller.rb": [
        1,
        1,
        5,
        5,
        null,
        null,
        1,
        6,
        6,
        3,
        null,
        3,
        null,
        null,
        null,
        1,
        2,
        2,
        2,
        null,
        2,
        null,
        null,
        1,
        null,
        1,
        6,
        null,
        null
      ],
      "/Users/rodrigo/Dropbox/TCC/sorteando2/app/controllers/application_controller.rb": [
        1,
        null,
        null,
        1,
        null
      ],
      "/Users/rodrigo/Dropbox/TCC/sorteando2/app/controllers/sorteios_controller.rb": [
        1,
        null,
        1,
        4,
        4,
        4,
        null,
        null,
        null,
        null,
        1,
        10,
        null,
        null,
        null,
        null,
        1,
        9,
        null,
        null,
        null,
        null,
        1,
        3,
        null,
        null,
        null,
        1,
        4,
        null,
        null,
        null,
        null,
        1,
        5,
        5,
        4,
        null,
        1,
        null,
        null,
        null,
        null,
        null,
        1,
        5,
        5,
        4,
        null,
        1,
        null,
        null,
        null,
        null,
        null,
        1,
        3,
        3,
        3,
        null,
        null,
        1,
        null,
        1,
        10,
        null,
        null
      ],
      "/Users/rodrigo/Dropbox/TCC/sorteando2/app/models/concorrente.rb": [
        1,
        1,
        1,
        null,
        1,
        2,
        null,
        null
      ],
      "/Users/rodrigo/Dropbox/TCC/sorteando2/app/models/sorteio.rb": [
        1,
        1,
        1,
        null,
        1,
        1,
        1,
        null,
        1,
        19,
        5,
        10,
        10,
        10,
        null,
        5,
        null,
        null
      ],
      "/Users/rodrigo/Dropbox/TCC/sorteando2/app/models/vencedor_sorteio.rb": [
        1,
        1,
        1,
        null
      ]
    },
    "timestamp": 1398642608
  }
}
